2021-06-06 17:32:14,612 INFO o.a.j.u.JMeterUtils: Setting Locale to en_EN
2021-06-06 17:32:14,714 INFO o.a.j.JMeter: Loading user properties from: C:\Program Files\apache-jmeter-5.4.1\bin\user.properties
2021-06-06 17:32:14,725 INFO o.a.j.JMeter: Loading system properties from: C:\Program Files\apache-jmeter-5.4.1\bin\system.properties
2021-06-06 17:32:14,743 INFO o.a.j.JMeter: Copyright (c) 1998-2021 The Apache Software Foundation
2021-06-06 17:32:14,743 INFO o.a.j.JMeter: Version 5.4.1
2021-06-06 17:32:14,743 INFO o.a.j.JMeter: java.version=11.0.8
2021-06-06 17:32:14,743 INFO o.a.j.JMeter: java.vm.name=Java HotSpot(TM) 64-Bit Server VM
2021-06-06 17:32:14,743 INFO o.a.j.JMeter: os.name=Windows 10
2021-06-06 17:32:14,743 INFO o.a.j.JMeter: os.arch=amd64
2021-06-06 17:32:14,744 INFO o.a.j.JMeter: os.version=10.0
2021-06-06 17:32:14,744 INFO o.a.j.JMeter: file.encoding=Cp1252
2021-06-06 17:32:14,744 INFO o.a.j.JMeter: java.awt.headless=null
2021-06-06 17:32:14,744 INFO o.a.j.JMeter: Max memory     =1073741824
2021-06-06 17:32:14,744 INFO o.a.j.JMeter: Available Processors =8
2021-06-06 17:32:14,771 INFO o.a.j.JMeter: Default Locale=English (EN)
2021-06-06 17:32:14,772 INFO o.a.j.JMeter: JMeter  Locale=English (EN)
2021-06-06 17:32:14,773 INFO o.a.j.JMeter: JMeterHome=C:\Program Files\apache-jmeter-5.4.1
2021-06-06 17:32:14,773 INFO o.a.j.JMeter: user.dir  =C:\Users\jhmff\Desktop\IST\MEIC\2ano\2Semestre\Tutor\backend\jmeter\tournament
2021-06-06 17:32:14,775 INFO o.a.j.JMeter: PWD       =C:\Users\jhmff\Desktop\IST\MEIC\2ano\2Semestre\Tutor\backend\jmeter\tournament
2021-06-06 17:32:14,786 INFO o.a.j.JMeter: IP: 172.23.176.1 Name: DESKTOP-JF FullName: DESKTOP-JF.mshome.net
2021-06-06 17:32:15,308 INFO o.a.j.JMeter: Setting LAF to: com.github.weisj.darklaf.DarkLaf:com.github.weisj.darklaf.theme.IntelliJTheme
2021-06-06 17:32:18,266 INFO o.a.j.JMeter: Loaded icon properties from org/apache/jmeter/images/icon.properties
2021-06-06 17:32:52,708 INFO o.a.j.s.FileServer: Default base='C:\Users\jhmff\Desktop\IST\MEIC\2ano\2Semestre\Tutor\backend\jmeter\tournament'
2021-06-06 17:32:52,713 INFO o.a.j.g.a.Load: Loading file: C:\Users\jhmff\Desktop\IST\MEIC\2ano\2Semestre\Tutor\backend\jmeter\tournament\solve-tournament-quiz-teste.jmx
2021-06-06 17:32:52,713 INFO o.a.j.s.FileServer: Set new base='C:\Users\jhmff\Desktop\IST\MEIC\2ano\2Semestre\Tutor\backend\jmeter\tournament'
2021-06-06 17:32:52,935 INFO o.a.j.s.SaveService: Testplan (JMX) version: 2.2. Testlog (JTL) version: 2.2
2021-06-06 17:32:52,964 INFO o.a.j.s.SaveService: Using SaveService properties version 5.0
2021-06-06 17:32:52,966 INFO o.a.j.s.SaveService: Using SaveService properties file encoding UTF-8
2021-06-06 17:32:52,969 INFO o.a.j.s.SaveService: Loading file: C:\Users\jhmff\Desktop\IST\MEIC\2ano\2Semestre\Tutor\backend\jmeter\tournament\solve-tournament-quiz-teste.jmx
2021-06-06 17:32:53,017 INFO o.a.j.p.h.s.HTTPSamplerBase: Parser for text/html is org.apache.jmeter.protocol.http.parser.LagartoBasedHtmlParser
2021-06-06 17:32:53,018 INFO o.a.j.p.h.s.HTTPSamplerBase: Parser for application/xhtml+xml is org.apache.jmeter.protocol.http.parser.LagartoBasedHtmlParser
2021-06-06 17:32:53,018 INFO o.a.j.p.h.s.HTTPSamplerBase: Parser for application/xml is org.apache.jmeter.protocol.http.parser.LagartoBasedHtmlParser
2021-06-06 17:32:53,018 INFO o.a.j.p.h.s.HTTPSamplerBase: Parser for text/xml is org.apache.jmeter.protocol.http.parser.LagartoBasedHtmlParser
2021-06-06 17:32:53,019 INFO o.a.j.p.h.s.HTTPSamplerBase: Parser for text/vnd.wap.wml is org.apache.jmeter.protocol.http.parser.RegexpHTMLParser
2021-06-06 17:32:53,019 INFO o.a.j.p.h.s.HTTPSamplerBase: Parser for text/css is org.apache.jmeter.protocol.http.parser.CssParser
2021-06-06 17:32:53,415 INFO o.a.j.s.SampleResult: Note: Sample TimeStamps are START times
2021-06-06 17:32:53,416 INFO o.a.j.s.SampleResult: sampleresult.default.encoding is set to ISO-8859-1
2021-06-06 17:32:53,416 INFO o.a.j.s.SampleResult: sampleresult.useNanoTime=true
2021-06-06 17:32:53,416 INFO o.a.j.s.SampleResult: sampleresult.nanoThreadSleep=5000
2021-06-06 17:32:53,635 INFO o.a.j.v.ViewResultsFullVisualizer: Add JavaFX to your Java installation if you want to use renderer: org.apache.jmeter.visualizers.RenderInBrowser
2021-06-06 17:32:53,936 INFO o.a.j.v.ViewResultsFullVisualizer: Add JavaFX to your Java installation if you want to use renderer: org.apache.jmeter.visualizers.RenderInBrowser
2021-06-06 17:32:54,166 INFO o.a.j.v.ViewResultsFullVisualizer: Add JavaFX to your Java installation if you want to use renderer: org.apache.jmeter.visualizers.RenderInBrowser
2021-06-06 17:32:54,505 INFO o.a.j.s.FileServer: Set new base='C:\Users\jhmff\Desktop\IST\MEIC\2ano\2Semestre\Tutor\backend\jmeter\tournament'
2021-06-06 17:33:31,201 INFO o.a.j.g.a.Load: Loading file: C:\Users\jhmff\Desktop\IST\MEIC\2ano\2Semestre\Tutor\backend\jmeter\tournament\solve-tournament-quiz.jmx
2021-06-06 17:33:31,202 INFO o.a.j.s.FileServer: Set new base='C:\Users\jhmff\Desktop\IST\MEIC\2ano\2Semestre\Tutor\backend\jmeter\tournament'
2021-06-06 17:33:31,202 INFO o.a.j.s.SaveService: Loading file: C:\Users\jhmff\Desktop\IST\MEIC\2ano\2Semestre\Tutor\backend\jmeter\tournament\solve-tournament-quiz.jmx
2021-06-06 17:33:31,258 INFO o.a.j.v.ViewResultsFullVisualizer: Add JavaFX to your Java installation if you want to use renderer: org.apache.jmeter.visualizers.RenderInBrowser
2021-06-06 17:33:31,399 INFO o.a.j.v.ViewResultsFullVisualizer: Add JavaFX to your Java installation if you want to use renderer: org.apache.jmeter.visualizers.RenderInBrowser
2021-06-06 17:33:31,532 INFO o.a.j.v.ViewResultsFullVisualizer: Add JavaFX to your Java installation if you want to use renderer: org.apache.jmeter.visualizers.RenderInBrowser
2021-06-06 17:33:31,734 INFO o.a.j.s.FileServer: Set new base='C:\Users\jhmff\Desktop\IST\MEIC\2ano\2Semestre\Tutor\backend\jmeter\tournament'
2021-06-06 17:33:43,633 INFO o.a.j.g.a.Load: Loading file: C:\Users\jhmff\Desktop\IST\MEIC\2ano\2Semestre\Tutor\backend\jmeter\tournament\solve-tournament-quiz-teste.jmx
2021-06-06 17:33:43,634 INFO o.a.j.s.FileServer: Set new base='C:\Users\jhmff\Desktop\IST\MEIC\2ano\2Semestre\Tutor\backend\jmeter\tournament'
2021-06-06 17:33:43,634 INFO o.a.j.s.SaveService: Loading file: C:\Users\jhmff\Desktop\IST\MEIC\2ano\2Semestre\Tutor\backend\jmeter\tournament\solve-tournament-quiz-teste.jmx
2021-06-06 17:33:43,709 INFO o.a.j.v.ViewResultsFullVisualizer: Add JavaFX to your Java installation if you want to use renderer: org.apache.jmeter.visualizers.RenderInBrowser
2021-06-06 17:33:43,808 INFO o.a.j.v.ViewResultsFullVisualizer: Add JavaFX to your Java installation if you want to use renderer: org.apache.jmeter.visualizers.RenderInBrowser
2021-06-06 17:33:43,905 INFO o.a.j.v.ViewResultsFullVisualizer: Add JavaFX to your Java installation if you want to use renderer: org.apache.jmeter.visualizers.RenderInBrowser
2021-06-06 17:33:44,080 INFO o.a.j.s.FileServer: Set new base='C:\Users\jhmff\Desktop\IST\MEIC\2ano\2Semestre\Tutor\backend\jmeter\tournament'
